*************************************** Connected [jeu. févr. 22 23:08:52 2007]

Welcome to 

  ____ |\________|\_________|\____
  \   `|   /\__     __/\_____    /
 _/  \  /  \__/     \_ /_   /   /
 \____\/    /\___    / _/   ___/
%%%%%%/____/[SnS]|__/%%\_____/%%%%%

          C H A T  v1.81b

<Mtp> Chat v1.82f
<Mtp> Login: 
<Mtp> Password: 
<Mtp> You kick Garou out (twin login) !
<Mtp> Last login: 02/22/07 22:55:02 from localhost
<Mtp> Welcome, Garou.
Je vois le genre
<Mtp> Your message(s) :
 1 Thu Nov 24 2005 00:13:01 Garou : test2
 2 Thu Nov 24 2005 12:59:06 Garou : coucou
 3 Thu Nov 24 2005 13:18:31 Garou : pouet
<Mtp> You have 3 messages
<Mtp> Hall topic : Welcome to <Mtp> Chat !
<Mtp> Your client is now "CeB Alpha 20061014"
 Login    Group   Channel   Idle  On For C              From host
-------- -------- -------- ------ ------ - ------------------------------------
Garou    HeadArch Hall         0s     0s C localhost                           
toto     Tell     Hall     13m06s 13m06s T localhost                           
<Mtp> There are currently 2 users
<Mtp> Help for "serverlist" :

<Mtp> No help available for "serverlist"
<Mtp> toto is kicked out by toto (twin login from localhost) !
<Mtp> toto comes in !
<toto> ok
<Mtp> You join channel BckStage
<Mtp> BckStage topic : Guests' channel !
 Login    Group   Channel   Idle  On For C              From host
-------- -------- -------- ------ ------ - ------------------------------------
Garou    HeadArch BckStage     0s    33s C localhost                           
toto     Tell     Hall         4s    11s C localhost                           
<Mtp> There are currently 2 users
<Mtp> You leave channel BckStage
<Mtp> Hall topic : Welcome to <Mtp> Chat !
 Login    Group   Channel   Idle  On For C              From host
-------- -------- -------- ------ ------ - ------------------------------------
Garou    HeadArch Hall         0s    43s C localhost                           
toto     Tell     Hall        14s    21s C localhost                           
<Mtp> There are currently 2 users
<Mtp> You leave <Mtp> Chat !
************************************ Disconnected [jeu. févr. 22 23:09:40 2007]
*************************************** Connected [jeu. févr. 22 23:12:08 2007]

Welcome to 

  ____ |\________|\_________|\____
  \   `|   /\__     __/\_____    /
 _/  \  /  \__/     \_ /_   /   /
 \____\/    /\___    / _/   ___/
%%%%%%/____/[SnS]|__/%%\_____/%%%%%

          C H A T  v1.81b

<Mtp> Chat v1.82f
<Mtp> Login: 
<Mtp> Password: 
<Mtp> Last login: 02/22/07 23:08:52 from localhost
<Mtp> Welcome, Garou.
Je vois le genre
<Mtp> Your message(s) :
 1 Thu Nov 24 2005 00:13:01 Garou : test2
 2 Thu Nov 24 2005 12:59:06 Garou : coucou
 3 Thu Nov 24 2005 13:18:31 Garou : pouet
<Mtp> You have 3 messages
<Mtp> Hall topic : Welcome to <Mtp> Chat !
<Mtp> toto comes in !
<Mtp> Your client is now "CeB Alpha 20061014"
 Login    Group   Channel   Idle  On For C              From host
-------- -------- -------- ------ ------ - ------------------------------------
Garou    HeadArch Hall         0s     0s C localhost                           
toto     Tell     Hall         0s     0s T localhost                           
<Mtp> There are currently 2 users
<Mtp> Help for "serverlist" :

<Mtp> No help available for "serverlist"
<Garou> oh
<Mtp> You join channel BckStage
<Mtp> BckStage topic : Guests' channel !
 Login    Group   Channel   Idle  On For C              From host
-------- -------- -------- ------ ------ - ------------------------------------
Garou    HeadArch BckStage     0s     6s C localhost                           
toto     Tell     Hall         6s     6s C localhost                           
<Mtp> There are currently 2 users
<Mtp> Garou put toto in group Guest
<Mtp> toto shouts: je vois le genre
<Mtp> You leave <Mtp> Chat !
************************************ Disconnected [jeu. févr. 22 23:13:07 2007]
*************************************** Connected [jeu. févr. 22 23:14:05 2007]

Welcome to 

  ____ |\________|\_________|\____
  \   `|   /\__     __/\_____    /
 _/  \  /  \__/     \_ /_   /   /
 \____\/    /\___    / _/   ___/
%%%%%%/____/[SnS]|__/%%\_____/%%%%%

          C H A T  v1.81b

<Mtp> Chat v1.82f
<Mtp> Login: 
<Mtp> Password: 
<Mtp> Last login: 02/22/07 23:12:08 from localhost
<Mtp> Welcome, Garou.
Je vois le genre
<Mtp> Your message(s) :
 1 Thu Nov 24 2005 00:13:01 Garou : test2
 2 Thu Nov 24 2005 12:59:06 Garou : coucou
 3 Thu Nov 24 2005 13:18:31 Garou : pouet
<Mtp> You have 3 messages
<Mtp> Hall topic : Welcome to <Mtp> Chat !
<Mtp> toto comes in !
<Mtp> Your client is now "CeB Alpha 20061014"
 Login    Group   Channel   Idle  On For C              From host
-------- -------- -------- ------ ------ - ------------------------------------
Garou    HeadArch Hall         0s     0s C localhost                           
toto     Guest    Hall         0s     0s T localhost                           
<Mtp> There are currently 2 users
<Mtp> Help for "serverlist" :

<Mtp> No help available for "serverlist"
<Mtp> You shout: ok
<Mtp> You shout: ca va !
<Mtp> You leave <Mtp> Chat !
************************************ Disconnected [jeu. févr. 22 23:14:37 2007]
*************************************** Connected [jeu. févr. 22 23:14:59 2007]

Welcome to 

  ____ |\________|\_________|\____
  \   `|   /\__     __/\_____    /
 _/  \  /  \__/     \_ /_   /   /
 \____\/    /\___    / _/   ___/
%%%%%%/____/[SnS]|__/%%\_____/%%%%%

          C H A T  v1.81b

<Mtp> Chat v1.82f
<Mtp> Login: 
<Mtp> Password: 
<Mtp> Last login: 02/22/07 23:14:05 from localhost
<Mtp> Welcome, Garou.
Je vois le genre
<Mtp> Your message(s) :
 1 Thu Nov 24 2005 00:13:01 Garou : test2
 2 Thu Nov 24 2005 12:59:06 Garou : coucou
 3 Thu Nov 24 2005 13:18:31 Garou : pouet
<Mtp> You have 3 messages
<Mtp> Hall topic : Welcome to <Mtp> Chat !
<Mtp> toto comes in !
<Mtp> Your client is now "CeB Alpha 20061014"
 Login    Group   Channel   Idle  On For C              From host
-------- -------- -------- ------ ------ - ------------------------------------
Garou    HeadArch Hall         0s     0s C localhost                           
toto     Guest    Hall         0s     0s T localhost                           
<Mtp> There are currently 2 users
<Mtp> Help for "serverlist" :

<Mtp> No help available for "serverlist"
<Mtp> You shout: ok
<Mtp> You leave <Mtp> Chat !
************************************ Disconnected [jeu. févr. 22 23:15:09 2007]
*************************************** Connected [jeu. févr. 22 23:15:14 2007]

Welcome to 

  ____ |\________|\_________|\____
  \   `|   /\__     __/\_____    /
 _/  \  /  \__/     \_ /_   /   /
 \____\/    /\___    / _/   ___/
%%%%%%/____/[SnS]|__/%%\_____/%%%%%

          C H A T  v1.81b

<Mtp> Chat v1.82f
<Mtp> Login: 
<Mtp> Password: 
<Mtp> Last login: 02/22/07 23:14:59 from localhost
<Mtp> Welcome, Garou.
Je vois le genre
<Mtp> Your message(s) :
 1 Thu Nov 24 2005 00:13:01 Garou : test2
 2 Thu Nov 24 2005 12:59:06 Garou : coucou
 3 Thu Nov 24 2005 13:18:31 Garou : pouet
<Mtp> You have 3 messages
<Mtp> Hall topic : Welcome to <Mtp> Chat !
<Mtp> Your client is now "CeB Alpha 20061014"
 Login    Group   Channel   Idle  On For C              From host
-------- -------- -------- ------ ------ - ------------------------------------
Garou    HeadArch Hall         0s     1s C localhost                           
toto     Guest    Hall         1s     1s C localhost                           
<Mtp> There are currently 2 users
<Mtp> Help for "serverlist" :

<Mtp> No help available for "serverlist"
*************************************** Connected [jeu. févr. 22 23:19:40 2007]

Welcome to 

  ____ |\________|\_________|\____
  \   `|   /\__     __/\_____    /
 _/  \  /  \__/     \_ /_   /   /
 \____\/    /\___    / _/   ___/
%%%%%%/____/[SnS]|__/%%\_____/%%%%%

          C H A T  v1.81b

<Mtp> Chat v1.82f
<Mtp> Login: 
<Mtp> Password: 
<Mtp> Last login: 02/22/07 23:15:14 from localhost
<Mtp> Welcome, Garou.
Je vois le genre
<Mtp> Your message(s) :
 1 Thu Nov 24 2005 00:13:01 Garou : test2
 2 Thu Nov 24 2005 12:59:06 Garou : coucou
 3 Thu Nov 24 2005 13:18:31 Garou : pouet
<Mtp> You have 3 messages
<Mtp> Hall topic : Welcome to <Mtp> Chat !
<Mtp> toto comes in !
<Mtp> Your client is now "CeB Alpha 20061014"
 Login    Group   Channel   Idle  On For C              From host
-------- -------- -------- ------ ------ - ------------------------------------
Garou    HeadArch Hall         0s     0s C localhost                           
toto     Guest    Hall         0s     0s T localhost                           
<Mtp> There are currently 2 users
<Mtp> Help for "serverlist" :

<Mtp> No help available for "serverlist"
<Mtp> You leave <Mtp> Chat !
************************************ Disconnected [jeu. févr. 22 23:20:19 2007]
*************************************** Connected [jeu. févr. 22 23:20:37 2007]

Welcome to 

  ____ |\________|\_________|\____
  \   `|   /\__     __/\_____    /
 _/  \  /  \__/     \_ /_   /   /
 \____\/    /\___    / _/   ___/
%%%%%%/____/[SnS]|__/%%\_____/%%%%%

          C H A T  v1.81b

<Mtp> Chat v1.82f
<Mtp> Login: 
<Mtp> Password: 
<Mtp> Last login: 02/22/07 23:19:40 from localhost
<Mtp> Welcome, Garou.
Je vois le genre
<Mtp> Your message(s) :
 1 Thu Nov 24 2005 00:13:01 Garou : test2
 2 Thu Nov 24 2005 12:59:06 Garou : coucou
 3 Thu Nov 24 2005 13:18:31 Garou : pouet
<Mtp> You have 3 messages
<Mtp> Hall topic : Welcome to <Mtp> Chat !
<Mtp> toto comes in !
<Mtp> Your client is now "CeB Alpha 20061014"
 Login    Group   Channel   Idle  On For C              From host
-------- -------- -------- ------ ------ - ------------------------------------
Garou    HeadArch Hall         0s     1s C localhost                           
toto     Guest    Hall         1s     1s T localhost                           
<Mtp> There are currently 2 users
<Mtp> Help for "serverlist" :

<Mtp> No help available for "serverlist"
<Mtp> You leave <Mtp> Chat !
************************************ Disconnected [jeu. févr. 22 23:20:56 2007]
*************************************** Connected [jeu. févr. 22 23:21:15 2007]

Welcome to 

  ____ |\________|\_________|\____
  \   `|   /\__     __/\_____    /
 _/  \  /  \__/     \_ /_   /   /
 \____\/    /\___    / _/   ___/
%%%%%%/____/[SnS]|__/%%\_____/%%%%%

          C H A T  v1.81b

<Mtp> Chat v1.82f
<Mtp> Login: 
<Mtp> Password: 
<Mtp> Last login: 02/22/07 23:20:37 from localhost
<Mtp> Welcome, Garou.
Je vois le genre
<Mtp> Your message(s) :
 1 Thu Nov 24 2005 00:13:01 Garou : test2
 2 Thu Nov 24 2005 12:59:06 Garou : coucou
 3 Thu Nov 24 2005 13:18:31 Garou : pouet
<Mtp> You have 3 messages
<Mtp> Hall topic : Welcome to <Mtp> Chat !
<Mtp> toto comes in !
<Mtp> Your client is now "CeB Alpha 20061014"
 Login    Group   Channel   Idle  On For C              From host
-------- -------- -------- ------ ------ - ------------------------------------
Garou    HeadArch Hall         0s     0s C localhost                           
toto     Guest    Hall         0s     0s T localhost                           
<Mtp> There are currently 2 users
<Mtp> Help for "serverlist" :

<Mtp> No help available for "serverlist"
<Mtp> You leave <Mtp> Chat !
************************************ Disconnected [jeu. févr. 22 23:21:37 2007]
*************************************** Connected [jeu. févr. 22 23:22:20 2007]

Welcome to 

  ____ |\________|\_________|\____
  \   `|   /\__     __/\_____    /
 _/  \  /  \__/     \_ /_   /   /
 \____\/    /\___    / _/   ___/
%%%%%%/____/[SnS]|__/%%\_____/%%%%%

          C H A T  v1.81b

<Mtp> Chat v1.82f
<Mtp> Login: 
<Mtp> Password: 
<Mtp> Last login: 02/22/07 23:21:15 from localhost
<Mtp> Welcome, Garou.
Je vois le genre
<Mtp> Your message(s) :
 1 Thu Nov 24 2005 00:13:01 Garou : test2
 2 Thu Nov 24 2005 12:59:06 Garou : coucou
 3 Thu Nov 24 2005 13:18:31 Garou : pouet
<Mtp> You have 3 messages
<Mtp> Hall topic : Welcome to <Mtp> Chat !
<Mtp> toto comes in !
<Mtp> Your client is now "CeB Alpha 20061014"
 Login    Group   Channel   Idle  On For C              From host
-------- -------- -------- ------ ------ - ------------------------------------
Garou    HeadArch Hall         0s     0s C localhost                           
toto     Guest    Hall         0s     0s T localhost                           
<Mtp> There are currently 2 users
<Mtp> Help for "serverlist" :

<Mtp> No help available for "serverlist"
<Mtp> You leave <Mtp> Chat !
************************************ Disconnected [jeu. févr. 22 23:22:26 2007]
*************************************** Connected [jeu. févr. 22 23:22:41 2007]

Welcome to 

  ____ |\________|\_________|\____
  \   `|   /\__     __/\_____    /
 _/  \  /  \__/     \_ /_   /   /
 \____\/    /\___    / _/   ___/
%%%%%%/____/[SnS]|__/%%\_____/%%%%%

          C H A T  v1.81b

<Mtp> Chat v1.82f
<Mtp> Login: 
<Mtp> Password: 
<Mtp> Last login: 02/22/07 23:22:20 from localhost
<Mtp> Welcome, Garou.
Je vois le genre
<Mtp> Your message(s) :
 1 Thu Nov 24 2005 00:13:01 Garou : test2
 2 Thu Nov 24 2005 12:59:06 Garou : coucou
 3 Thu Nov 24 2005 13:18:31 Garou : pouet
<Mtp> You have 3 messages
<Mtp> Hall topic : Welcome to <Mtp> Chat !
<Mtp> toto comes in !
<Mtp> Your client is now "CeB Alpha 20061014"
 Login    Group   Channel   Idle  On For C              From host
-------- -------- -------- ------ ------ - ------------------------------------
Garou    HeadArch Hall         0s     0s C localhost                           
toto     Guest    Hall         0s     0s T localhost                           
<Mtp> There are currently 2 users
<Mtp> Help for "serverlist" :

<Mtp> No help available for "serverlist"
<Mtp> You leave <Mtp> Chat !
************************************ Disconnected [jeu. févr. 22 23:23:26 2007]
*************************************** Connected [jeu. févr. 22 23:23:47 2007]

Welcome to 

  ____ |\________|\_________|\____
  \   `|   /\__     __/\_____    /
 _/  \  /  \__/     \_ /_   /   /
 \____\/    /\___    / _/   ___/
%%%%%%/____/[SnS]|__/%%\_____/%%%%%

          C H A T  v1.81b

<Mtp> Chat v1.82f
<Mtp> Login: 
<Mtp> Password: 
<Mtp> Last login: 02/22/07 23:22:41 from localhost
<Mtp> Welcome, Garou.
Je vois le genre
<Mtp> Your message(s) :
 1 Thu Nov 24 2005 00:13:01 Garou : test2
 2 Thu Nov 24 2005 12:59:06 Garou : coucou
 3 Thu Nov 24 2005 13:18:31 Garou : pouet
<Mtp> You have 3 messages
<Mtp> Hall topic : Welcome to <Mtp> Chat !
<Mtp> toto comes in !
<Mtp> Your client is now "CeB Alpha 20061014"
 Login    Group   Channel   Idle  On For C              From host
-------- -------- -------- ------ ------ - ------------------------------------
Garou    HeadArch Hall         0s     0s C localhost                           
toto     Guest    Hall         0s     0s T localhost                           
<Mtp> There are currently 2 users
<Mtp> Help for "serverlist" :

<Mtp> No help available for "serverlist"
<Mtp> You leave <Mtp> Chat !
************************************ Disconnected [jeu. févr. 22 23:24:18 2007]
*************************************** Connected [jeu. févr. 22 23:24:41 2007]

Welcome to 

  ____ |\________|\_________|\____
  \   `|   /\__     __/\_____    /
 _/  \  /  \__/     \_ /_   /   /
 \____\/    /\___    / _/   ___/
%%%%%%/____/[SnS]|__/%%\_____/%%%%%

          C H A T  v1.81b

<Mtp> Chat v1.82f
<Mtp> Login: 
<Mtp> Password: 
<Mtp> Last login: 02/22/07 23:23:47 from localhost
<Mtp> Welcome, Garou.
Je vois le genre
<Mtp> Your message(s) :
 1 Thu Nov 24 2005 00:13:01 Garou : test2
 2 Thu Nov 24 2005 12:59:06 Garou : coucou
 3 Thu Nov 24 2005 13:18:31 Garou : pouet
<Mtp> You have 3 messages
<Mtp> Hall topic : Welcome to <Mtp> Chat !
<Mtp> toto comes in !
<Mtp> Your client is now "CeB Alpha 20061014"
 Login    Group   Channel   Idle  On For C              From host
-------- -------- -------- ------ ------ - ------------------------------------
Garou    HeadArch Hall         0s     0s C localhost                           
toto     Guest    Hall         0s     0s C localhost                           
<Mtp> There are currently 2 users
<Mtp> Help for "serverlist" :

<Mtp> No help available for "serverlist"
<Mtp> You leave <Mtp> Chat !
************************************ Disconnected [jeu. févr. 22 23:25:06 2007]
*************************************** Connected [jeu. févr. 22 23:25:36 2007]

Welcome to 

  ____ |\________|\_________|\____
  \   `|   /\__     __/\_____    /
 _/  \  /  \__/     \_ /_   /   /
 \____\/    /\___    / _/   ___/
%%%%%%/____/[SnS]|__/%%\_____/%%%%%

          C H A T  v1.81b

<Mtp> Chat v1.82f
<Mtp> Login: 
<Mtp> Password: 
<Mtp> Last login: 02/22/07 23:24:41 from localhost
<Mtp> Welcome, Garou.
Je vois le genre
<Mtp> Your message(s) :
 1 Thu Nov 24 2005 00:13:01 Garou : test2
 2 Thu Nov 24 2005 12:59:06 Garou : coucou
 3 Thu Nov 24 2005 13:18:31 Garou : pouet
<Mtp> You have 3 messages
<Mtp> Hall topic : Welcome to <Mtp> Chat !
<Mtp> toto comes in !
<Mtp> Your client is now "CeB Alpha 20061014"
 Login    Group   Channel   Idle  On For C              From host
-------- -------- -------- ------ ------ - ------------------------------------
Garou    HeadArch Hall         0s     0s C localhost                           
toto     Guest    Hall         0s     0s T localhost                           
<Mtp> There are currently 2 users
<Mtp> Help for "serverlist" :

<Mtp> No help available for "serverlist"
<Mtp> You leave <Mtp> Chat !
************************************ Disconnected [jeu. févr. 22 23:26:33 2007]
*************************************** Connected [jeu. févr. 22 23:27:34 2007]

Welcome to 

  ____ |\________|\_________|\____
  \   `|   /\__     __/\_____    /
 _/  \  /  \__/     \_ /_   /   /
 \____\/    /\___    / _/   ___/
%%%%%%/____/[SnS]|__/%%\_____/%%%%%

          C H A T  v1.81b

<Mtp> Chat v1.82f
<Mtp> Login: 
<Mtp> Password: 
<Mtp> Last login: 02/22/07 23:25:36 from localhost
<Mtp> Welcome, Garou.
Je vois le genre
<Mtp> Your message(s) :
 1 Thu Nov 24 2005 00:13:01 Garou : test2
 2 Thu Nov 24 2005 12:59:06 Garou : coucou
 3 Thu Nov 24 2005 13:18:31 Garou : pouet
<Mtp> You have 3 messages
<Mtp> Hall topic : Welcome to <Mtp> Chat !
<Mtp> toto comes in !
<Mtp> Your client is now "CeB Alpha 20061014"
 Login    Group   Channel   Idle  On For C              From host
-------- -------- -------- ------ ------ - ------------------------------------
Garou    HeadArch Hall         0s     0s C localhost                           
toto     Guest    Hall         0s     0s T localhost                           
<Mtp> There are currently 2 users
<Mtp> Help for "serverlist" :

<Mtp> No help available for "serverlist"
<Mtp> You leave <Mtp> Chat !
************************************ Disconnected [jeu. févr. 22 23:28:07 2007]
*************************************** Connected [jeu. févr. 22 23:29:55 2007]

Welcome to 

  ____ |\________|\_________|\____
  \   `|   /\__     __/\_____    /
 _/  \  /  \__/     \_ /_   /   /
 \____\/    /\___    / _/   ___/
%%%%%%/____/[SnS]|__/%%\_____/%%%%%

          C H A T  v1.81b

<Mtp> Chat v1.82f
<Mtp> Login: 
<Mtp> Password: 
<Mtp> Last login: 02/22/07 23:27:34 from localhost
<Mtp> Welcome, Garou.
Je vois le genre
<Mtp> Your message(s) :
 1 Thu Nov 24 2005 00:13:01 Garou : test2
 2 Thu Nov 24 2005 12:59:06 Garou : coucou
 3 Thu Nov 24 2005 13:18:31 Garou : pouet
<Mtp> You have 3 messages
<Mtp> Hall topic : Welcome to <Mtp> Chat !
<Mtp> toto comes in !
<Mtp> Your client is now "CeB Alpha 20061014"
 Login    Group   Channel   Idle  On For C              From host
-------- -------- -------- ------ ------ - ------------------------------------
Garou    HeadArch Hall         0s     1s C localhost                           
toto     Guest    Hall         0s     0s T localhost                           
<Mtp> There are currently 2 users
<Mtp> Help for "serverlist" :

<Mtp> No help available for "serverlist"
<Mtp> You leave <Mtp> Chat !
************************************ Disconnected [jeu. févr. 22 23:30:32 2007]
*************************************** Connected [jeu. févr. 22 23:31:06 2007]

Welcome to 

  ____ |\________|\_________|\____
  \   `|   /\__     __/\_____    /
 _/  \  /  \__/     \_ /_   /   /
 \____\/    /\___    / _/   ___/
%%%%%%/____/[SnS]|__/%%\_____/%%%%%

          C H A T  v1.81b

<Mtp> Chat v1.82f
<Mtp> Login: 
<Mtp> Password: 
<Mtp> Last login: 02/22/07 23:29:55 from localhost
<Mtp> Welcome, Garou.
Je vois le genre
<Mtp> Your message(s) :
 1 Thu Nov 24 2005 00:13:01 Garou : test2
 2 Thu Nov 24 2005 12:59:06 Garou : coucou
 3 Thu Nov 24 2005 13:18:31 Garou : pouet
<Mtp> You have 3 messages
<Mtp> Hall topic : Welcome to <Mtp> Chat !
<Mtp> toto comes in !
<Mtp> Your client is now "CeB Alpha 20061014"
 Login    Group   Channel   Idle  On For C              From host
-------- -------- -------- ------ ------ - ------------------------------------
Garou    HeadArch Hall         0s     0s C localhost                           
toto     Guest    Hall         0s     0s T localhost                           
<Mtp> There are currently 2 users
<Mtp> Help for "serverlist" :

<Mtp> No help available for "serverlist"
<Mtp> You leave <Mtp> Chat !
************************************ Disconnected [jeu. févr. 22 23:31:49 2007]
*************************************** Connected [jeu. févr. 22 23:33:40 2007]

Welcome to 

  ____ |\________|\_________|\____
  \   `|   /\__     __/\_____    /
 _/  \  /  \__/     \_ /_   /   /
 \____\/    /\___    / _/   ___/
%%%%%%/____/[SnS]|__/%%\_____/%%%%%

          C H A T  v1.81b

<Mtp> Chat v1.82f
<Mtp> Login: 
<Mtp> Password: 
<Mtp> Last login: 02/22/07 23:31:06 from localhost
<Mtp> Welcome, Garou.
Je vois le genre
<Mtp> Your message(s) :
 1 Thu Nov 24 2005 00:13:01 Garou : test2
 2 Thu Nov 24 2005 12:59:06 Garou : coucou
 3 Thu Nov 24 2005 13:18:31 Garou : pouet
<Mtp> You have 3 messages
<Mtp> Hall topic : Welcome to <Mtp> Chat !
<Mtp> toto comes in !
<Mtp> Your client is now "CeB Alpha 20061014"
 Login    Group   Channel   Idle  On For C              From host
-------- -------- -------- ------ ------ - ------------------------------------
Garou    HeadArch Hall         0s     0s C localhost                           
toto     Guest    Hall         0s     0s C localhost                           
<Mtp> There are currently 2 users
<Mtp> Help for "serverlist" :

<Mtp> No help available for "serverlist"
<Mtp> You leave <Mtp> Chat !
************************************ Disconnected [jeu. févr. 22 23:33:46 2007]
*************************************** Connected [jeu. févr. 22 23:34:30 2007]

Welcome to 

  ____ |\________|\_________|\____
  \   `|   /\__     __/\_____    /
 _/  \  /  \__/     \_ /_   /   /
 \____\/    /\___    / _/   ___/
%%%%%%/____/[SnS]|__/%%\_____/%%%%%

          C H A T  v1.81b

<Mtp> Chat v1.82f
<Mtp> Login: 
<Mtp> Password: 
<Mtp> Last login: 02/22/07 23:33:41 from localhost
<Mtp> Welcome, Garou.
Je vois le genre
<Mtp> Your message(s) :
 1 Thu Nov 24 2005 00:13:01 Garou : test2
 2 Thu Nov 24 2005 12:59:06 Garou : coucou
 3 Thu Nov 24 2005 13:18:31 Garou : pouet
<Mtp> You have 3 messages
<Mtp> Hall topic : Welcome to <Mtp> Chat !
<Mtp> toto comes in !
<Mtp> Your client is now "CeB Alpha 20061014"
 Login    Group   Channel   Idle  On For C              From host
-------- -------- -------- ------ ------ - ------------------------------------
Garou    HeadArch Hall         0s     0s C localhost                           
toto     Guest    Hall         0s     0s T localhost                           
<Mtp> There are currently 2 users
<Mtp> Help for "serverlist" :

<Mtp> No help available for "serverlist"
<Mtp> You leave <Mtp> Chat !
************************************ Disconnected [jeu. févr. 22 23:35:17 2007]
*************************************** Connected [jeu. févr. 22 23:39:16 2007]

Welcome to 

  ____ |\________|\_________|\____
  \   `|   /\__     __/\_____    /
 _/  \  /  \__/     \_ /_   /   /
 \____\/    /\___    / _/   ___/
%%%%%%/____/[SnS]|__/%%\_____/%%%%%

          C H A T  v1.81b

<Mtp> Chat v1.82f
<Mtp> Login: 
<Mtp> Password: 
<Mtp> Last login: 02/22/07 23:34:31 from localhost
<Mtp> Welcome, Garou.
Je vois le genre
<Mtp> Your message(s) :
 1 Thu Nov 24 2005 00:13:01 Garou : test2
 2 Thu Nov 24 2005 12:59:06 Garou : coucou
 3 Thu Nov 24 2005 13:18:31 Garou : pouet
<Mtp> You have 3 messages
<Mtp> Hall topic : Welcome to <Mtp> Chat !
<Mtp> toto comes in !
<Mtp> Your client is now "CeB Alpha 20061014"
 Login    Group   Channel   Idle  On For C              From host
-------- -------- -------- ------ ------ - ------------------------------------
Garou    HeadArch Hall         0s     0s C localhost                           
toto     Guest    Hall         0s     0s T localhost                           
<Mtp> There are currently 2 users
<Mtp> Help for "serverlist" :

<Mtp> No help available for "serverlist"
<Mtp> You leave <Mtp> Chat !
************************************ Disconnected [jeu. févr. 22 23:39:23 2007]
*************************************** Connected [jeu. févr. 22 23:39:42 2007]

Welcome to 

  ____ |\________|\_________|\____
  \   `|   /\__     __/\_____    /
 _/  \  /  \__/     \_ /_   /   /
 \____\/    /\___    / _/   ___/
%%%%%%/____/[SnS]|__/%%\_____/%%%%%

          C H A T  v1.81b

<Mtp> Chat v1.82f
<Mtp> Login: 
<Mtp> Password: 
<Mtp> Last login: 02/22/07 23:39:17 from localhost
<Mtp> Welcome, Garou.
Je vois le genre
<Mtp> Your message(s) :
 1 Thu Nov 24 2005 00:13:01 Garou : test2
 2 Thu Nov 24 2005 12:59:06 Garou : coucou
 3 Thu Nov 24 2005 13:18:31 Garou : pouet
<Mtp> You have 3 messages
<Mtp> Hall topic : Welcome to <Mtp> Chat !
<Mtp> Your client is now "CeB Alpha 20061014"
 Login    Group   Channel   Idle  On For C              From host
-------- -------- -------- ------ ------ - ------------------------------------
Garou    HeadArch Hall         0s     0s C localhost                           
toto     Guest    Hall         0s     0s C localhost                           
<Mtp> There are currently 2 users
<Mtp> Help for "serverlist" :

<Mtp> No help available for "serverlist"
<Garou> <Mtp> Password: 
<Garou> <Mtp> Last login: 02/22/07 23:39:17 from localhost
<Garou> <Mtp> Welcome, Garou.
<Garou> Je vois le genre
<Garou> <Mtp> Your message(s) :
<Garou> okok
<Garou> ok
<Garou> ok
<Garou> ok
<Garou> ok
<Garou> ok
<Garou> okokok
<Garou> ok
<Mtp> You leave <Mtp> Chat !
************************************ Disconnected [jeu. févr. 22 23:39:55 2007]
*************************************** Connected [jeu. févr. 22 23:45:02 2007]

Welcome to 

  ____ |\________|\_________|\____
  \   `|   /\__     __/\_____    /
 _/  \  /  \__/     \_ /_   /   /
 \____\/    /\___    / _/   ___/
%%%%%%/____/[SnS]|__/%%\_____/%%%%%

          C H A T  v1.81b

<Mtp> Chat v1.82f
<Mtp> Login: 
<Mtp> Password: 
<Mtp> Last login: 02/22/07 23:39:42 from localhost
<Mtp> Welcome, Garou.
Je vois le genre
<Mtp> Your message(s) :
 1 Thu Nov 24 2005 00:13:01 Garou : test2
 2 Thu Nov 24 2005 12:59:06 Garou : coucou
 3 Thu Nov 24 2005 13:18:31 Garou : pouet
<Mtp> You have 3 messages
<Mtp> Hall topic : Welcome to <Mtp> Chat !
<Mtp> Your client is now "CeB Alpha 20061014"
 Login    Group   Channel   Idle  On For C              From host
-------- -------- -------- ------ ------ - ------------------------------------
Garou    HeadArch Hall         0s     0s C localhost                           
toto     Guest    Hall         0s     0s C localhost                           
<Mtp> There are currently 2 users
<Mtp> Help for "serverlist" :

<Mtp> No help available for "serverlist"
<Mtp> You leave <Mtp> Chat !
************************************ Disconnected [jeu. févr. 22 23:45:09 2007]
