*************************************** Connected [jeu. févr. 22 23:09:13 2007]

Welcome to 

  ____ |\________|\_________|\____
  \   `|   /\__     __/\_____    /
 _/  \  /  \__/     \_ /_   /   /
 \____\/    /\___    / _/   ___/
%%%%%%/____/[SnS]|__/%%\_____/%%%%%

          C H A T  v1.81b

<Mtp> Chat v1.82f
<Mtp> Login: 
<Mtp> Password: 
<Mtp> You kick toto out (twin login) !
<Mtp> Last login: 02/22/07 22:55:46 from localhost
<Mtp> Welcome, toto.
Je vois le genre
<Mtp> Your message(s) :
 1 Sun Nov 13 2005 23:38:59 toto : test test
 2 Sun Nov 13 2005 23:39:00 toto : test test
 3 Sun Nov 13 2005 23:39:00 toto : test test
 4 Sun Nov 13 2005 23:39:02 toto : test test
 5 Sun Nov 13 2005 23:39:02 toto : test test
 6 Sun Nov 13 2005 23:39:03 toto : test test
<Mtp> You have 6 messages
<Mtp> Hall topic : Welcome to <Mtp> Chat !
<Mtp> Your client is now "CeB Alpha 20061014"
 Login    Group   Channel   Idle  On For C              From host
-------- -------- -------- ------ ------ - ------------------------------------
Garou    HeadArch Hall        22s    22s C localhost                           
toto     Tell     Hall         0s     0s C localhost                           
<Mtp> There are currently 2 users
<Mtp> Help for "serverlist" :

<Mtp> No help available for "serverlist"
<toto> ok
<Mtp> Garou fades into the shadows
<Mtp> Garou appears from the shadows
<Mtp> Garou leaves !
<Mtp> You leave <Mtp> Chat !
************************************ Disconnected [jeu. févr. 22 23:09:40 2007]
*************************************** Connected [jeu. févr. 22 23:12:08 2007]

Welcome to 

  ____ |\________|\_________|\____
  \   `|   /\__     __/\_____    /
 _/  \  /  \__/     \_ /_   /   /
 \____\/    /\___    / _/   ___/
%%%%%%/____/[SnS]|__/%%\_____/%%%%%

          C H A T  v1.81b

<Mtp> Chat v1.82f
<Mtp> Login: 
<Mtp> Password: 
<Mtp> Last login: 02/22/07 23:09:14 from localhost
<Mtp> Welcome, toto.
Je vois le genre
<Mtp> Your message(s) :
 1 Sun Nov 13 2005 23:38:59 toto : test test
 2 Sun Nov 13 2005 23:39:00 toto : test test
 3 Sun Nov 13 2005 23:39:00 toto : test test
 4 Sun Nov 13 2005 23:39:02 toto : test test
 5 Sun Nov 13 2005 23:39:02 toto : test test
 6 Sun Nov 13 2005 23:39:03 toto : test test
<Mtp> You have 6 messages
<Mtp> Hall topic : Welcome to <Mtp> Chat !
<Mtp> Your client is now "CeB Alpha 20061014"
 Login    Group   Channel   Idle  On For C              From host
-------- -------- -------- ------ ------ - ------------------------------------
Garou    HeadArch Hall         0s     0s C localhost                           
toto     Tell     Hall         0s     0s C localhost                           
<Mtp> There are currently 2 users
<Mtp> Help for "serverlist" :

<Mtp> No help available for "serverlist"
<Garou> oh
<Mtp> Garou fades into the shadows
<toto> shout je vois le genre
<Mtp> Garou put you in group Guest
<Mtp> You shout: je vois le genre
<Mtp> Garou leaves !
<Mtp> You leave <Mtp> Chat !
************************************ Disconnected [jeu. févr. 22 23:13:07 2007]
*************************************** Connected [jeu. févr. 22 23:14:05 2007]

Welcome to 

  ____ |\________|\_________|\____
  \   `|   /\__     __/\_____    /
 _/  \  /  \__/     \_ /_   /   /
 \____\/    /\___    / _/   ___/
%%%%%%/____/[SnS]|__/%%\_____/%%%%%

          C H A T  v1.81b

<Mtp> Chat v1.82f
<Mtp> Login: 
<Mtp> Password: 
<Mtp> Last login: 02/22/07 23:12:08 from localhost
<Mtp> Welcome, toto.
Je vois le genre
<Mtp> Your message(s) :
 1 Sun Nov 13 2005 23:38:59 toto : test test
 2 Sun Nov 13 2005 23:39:00 toto : test test
 3 Sun Nov 13 2005 23:39:00 toto : test test
 4 Sun Nov 13 2005 23:39:02 toto : test test
 5 Sun Nov 13 2005 23:39:02 toto : test test
 6 Sun Nov 13 2005 23:39:03 toto : test test
<Mtp> You have 6 messages
<Mtp> Hall topic : Welcome to <Mtp> Chat !
<Mtp> Your client is now "CeB Alpha 20061014"
 Login    Group   Channel   Idle  On For C              From host
-------- -------- -------- ------ ------ - ------------------------------------
Garou    HeadArch Hall         0s     0s C localhost                           
toto     Guest    Hall         0s     0s C localhost                           
<Mtp> There are currently 2 users
<Mtp> Help for "serverlist" :

<Mtp> No help available for "serverlist"
<Mtp> Garou shouts: ok
<Mtp> Garou shouts: ca va !
<Mtp> Garou leaves !
<Mtp> You leave <Mtp> Chat !
************************************ Disconnected [jeu. févr. 22 23:14:37 2007]
*************************************** Connected [jeu. févr. 22 23:14:59 2007]

Welcome to 

  ____ |\________|\_________|\____
  \   `|   /\__     __/\_____    /
 _/  \  /  \__/     \_ /_   /   /
 \____\/    /\___    / _/   ___/
%%%%%%/____/[SnS]|__/%%\_____/%%%%%

          C H A T  v1.81b

<Mtp> Chat v1.82f
<Mtp> Login: 
<Mtp> Password: 
<Mtp> Last login: 02/22/07 23:14:05 from localhost
<Mtp> Welcome, toto.
Je vois le genre
<Mtp> Your message(s) :
 1 Sun Nov 13 2005 23:38:59 toto : test test
 2 Sun Nov 13 2005 23:39:00 toto : test test
 3 Sun Nov 13 2005 23:39:00 toto : test test
 4 Sun Nov 13 2005 23:39:02 toto : test test
 5 Sun Nov 13 2005 23:39:02 toto : test test
 6 Sun Nov 13 2005 23:39:03 toto : test test
<Mtp> You have 6 messages
<Mtp> Hall topic : Welcome to <Mtp> Chat !
<Mtp> Your client is now "CeB Alpha 20061014"
 Login    Group   Channel   Idle  On For C              From host
-------- -------- -------- ------ ------ - ------------------------------------
Garou    HeadArch Hall         0s     0s C localhost                           
toto     Guest    Hall         0s     0s C localhost                           
<Mtp> There are currently 2 users
<Mtp> Help for "serverlist" :

<Mtp> No help available for "serverlist"
<Mtp> Garou shouts: ok
<Mtp> Garou leaves !
<Mtp> You leave <Mtp> Chat !
************************************ Disconnected [jeu. févr. 22 23:15:09 2007]
*************************************** Connected [jeu. févr. 22 23:15:14 2007]

Welcome to 

  ____ |\________|\_________|\____
  \   `|   /\__     __/\_____    /
 _/  \  /  \__/     \_ /_   /   /
 \____\/    /\___    / _/   ___/
%%%%%%/____/[SnS]|__/%%\_____/%%%%%

          C H A T  v1.81b

<Mtp> Chat v1.82f
<Mtp> Login: 
<Mtp> Password: 
<Mtp> Last login: 02/22/07 23:14:59 from localhost
<Mtp> Welcome, toto.
Je vois le genre
<Mtp> Your message(s) :
 1 Sun Nov 13 2005 23:38:59 toto : test test
 2 Sun Nov 13 2005 23:39:00 toto : test test
 3 Sun Nov 13 2005 23:39:00 toto : test test
 4 Sun Nov 13 2005 23:39:02 toto : test test
 5 Sun Nov 13 2005 23:39:02 toto : test test
 6 Sun Nov 13 2005 23:39:03 toto : test test
<Mtp> You have 6 messages
<Mtp> Hall topic : Welcome to <Mtp> Chat !
<Mtp> Garou comes in !
<Mtp> Your client is now "CeB Alpha 20061014"
 Login    Group   Channel   Idle  On For C              From host
-------- -------- -------- ------ ------ - ------------------------------------
Garou    HeadArch Hall         0s     0s T localhost                           
toto     Guest    Hall         0s     0s C localhost                           
<Mtp> There are currently 2 users
<Mtp> Help for "serverlist" :

<Mtp> No help available for "serverlist"
*************************************** Connected [jeu. févr. 22 23:19:40 2007]

Welcome to 

  ____ |\________|\_________|\____
  \   `|   /\__     __/\_____    /
 _/  \  /  \__/     \_ /_   /   /
 \____\/    /\___    / _/   ___/
%%%%%%/____/[SnS]|__/%%\_____/%%%%%

          C H A T  v1.81b

<Mtp> Chat v1.82f
<Mtp> Login: 
<Mtp> Password: 
<Mtp> Last login: 02/22/07 23:15:14 from localhost
<Mtp> Welcome, toto.
Je vois le genre
<Mtp> Your message(s) :
 1 Sun Nov 13 2005 23:38:59 toto : test test
 2 Sun Nov 13 2005 23:39:00 toto : test test
 3 Sun Nov 13 2005 23:39:00 toto : test test
 4 Sun Nov 13 2005 23:39:02 toto : test test
 5 Sun Nov 13 2005 23:39:02 toto : test test
 6 Sun Nov 13 2005 23:39:03 toto : test test
<Mtp> You have 6 messages
<Mtp> Hall topic : Welcome to <Mtp> Chat !
<Mtp> Your client is now "CeB Alpha 20061014"
 Login    Group   Channel   Idle  On For C              From host
-------- -------- -------- ------ ------ - ------------------------------------
Garou    HeadArch Hall         0s     0s C localhost                           
toto     Guest    Hall         0s     0s C localhost                           
<Mtp> There are currently 2 users
<Mtp> Help for "serverlist" :

<Mtp> No help available for "serverlist"
<Mtp> Garou leaves !
<Mtp> You leave <Mtp> Chat !
************************************ Disconnected [jeu. févr. 22 23:20:19 2007]
*************************************** Connected [jeu. févr. 22 23:20:37 2007]

Welcome to 

  ____ |\________|\_________|\____
  \   `|   /\__     __/\_____    /
 _/  \  /  \__/     \_ /_   /   /
 \____\/    /\___    / _/   ___/
%%%%%%/____/[SnS]|__/%%\_____/%%%%%

          C H A T  v1.81b

<Mtp> Chat v1.82f
<Mtp> Login: 
<Mtp> Password: 
<Mtp> Last login: 02/22/07 23:19:40 from localhost
<Mtp> Welcome, toto.
Je vois le genre
<Mtp> Your message(s) :
 1 Sun Nov 13 2005 23:38:59 toto : test test
 2 Sun Nov 13 2005 23:39:00 toto : test test
 3 Sun Nov 13 2005 23:39:00 toto : test test
 4 Sun Nov 13 2005 23:39:02 toto : test test
 5 Sun Nov 13 2005 23:39:02 toto : test test
 6 Sun Nov 13 2005 23:39:03 toto : test test
<Mtp> You have 6 messages
<Mtp> Hall topic : Welcome to <Mtp> Chat !
<Mtp> Your client is now "CeB Alpha 20061014"
 Login    Group   Channel   Idle  On For C              From host
-------- -------- -------- ------ ------ - ------------------------------------
Garou    HeadArch Hall         0s     1s C localhost                           
toto     Guest    Hall         0s     1s C localhost                           
<Mtp> There are currently 2 users
<Mtp> Help for "serverlist" :

<Mtp> No help available for "serverlist"
<Mtp> Garou leaves !
<Mtp> You leave <Mtp> Chat !
************************************ Disconnected [jeu. févr. 22 23:20:56 2007]
*************************************** Connected [jeu. févr. 22 23:21:15 2007]

Welcome to 

  ____ |\________|\_________|\____
  \   `|   /\__     __/\_____    /
 _/  \  /  \__/     \_ /_   /   /
 \____\/    /\___    / _/   ___/
%%%%%%/____/[SnS]|__/%%\_____/%%%%%

          C H A T  v1.81b

<Mtp> Chat v1.82f
<Mtp> Login: 
<Mtp> Password: 
<Mtp> Last login: 02/22/07 23:20:37 from localhost
<Mtp> Welcome, toto.
Je vois le genre
<Mtp> Your message(s) :
 1 Sun Nov 13 2005 23:38:59 toto : test test
 2 Sun Nov 13 2005 23:39:00 toto : test test
 3 Sun Nov 13 2005 23:39:00 toto : test test
 4 Sun Nov 13 2005 23:39:02 toto : test test
 5 Sun Nov 13 2005 23:39:02 toto : test test
 6 Sun Nov 13 2005 23:39:03 toto : test test
<Mtp> You have 6 messages
<Mtp> Hall topic : Welcome to <Mtp> Chat !
<Mtp> Your client is now "CeB Alpha 20061014"
 Login    Group   Channel   Idle  On For C              From host
-------- -------- -------- ------ ------ - ------------------------------------
Garou    HeadArch Hall         0s     0s C localhost                           
toto     Guest    Hall         0s     0s C localhost                           
<Mtp> There are currently 2 users
<Mtp> Help for "serverlist" :

<Mtp> No help available for "serverlist"
<Mtp> Garou leaves !
<Mtp> You leave <Mtp> Chat !
************************************ Disconnected [jeu. févr. 22 23:21:37 2007]
*************************************** Connected [jeu. févr. 22 23:22:20 2007]

Welcome to 

  ____ |\________|\_________|\____
  \   `|   /\__     __/\_____    /
 _/  \  /  \__/     \_ /_   /   /
 \____\/    /\___    / _/   ___/
%%%%%%/____/[SnS]|__/%%\_____/%%%%%

          C H A T  v1.81b

<Mtp> Chat v1.82f
<Mtp> Login: 
<Mtp> Password: 
<Mtp> Last login: 02/22/07 23:21:15 from localhost
<Mtp> Welcome, toto.
Je vois le genre
<Mtp> Your message(s) :
 1 Sun Nov 13 2005 23:38:59 toto : test test
 2 Sun Nov 13 2005 23:39:00 toto : test test
 3 Sun Nov 13 2005 23:39:00 toto : test test
 4 Sun Nov 13 2005 23:39:02 toto : test test
 5 Sun Nov 13 2005 23:39:02 toto : test test
 6 Sun Nov 13 2005 23:39:03 toto : test test
<Mtp> You have 6 messages
<Mtp> Hall topic : Welcome to <Mtp> Chat !
<Mtp> Your client is now "CeB Alpha 20061014"
 Login    Group   Channel   Idle  On For C              From host
-------- -------- -------- ------ ------ - ------------------------------------
Garou    HeadArch Hall         0s     0s C localhost                           
toto     Guest    Hall         0s     0s C localhost                           
<Mtp> There are currently 2 users
<Mtp> Help for "serverlist" :

<Mtp> No help available for "serverlist"
<Mtp> Garou leaves !
<Mtp> You leave <Mtp> Chat !
************************************ Disconnected [jeu. févr. 22 23:22:26 2007]
*************************************** Connected [jeu. févr. 22 23:22:41 2007]

Welcome to 

  ____ |\________|\_________|\____
  \   `|   /\__     __/\_____    /
 _/  \  /  \__/     \_ /_   /   /
 \____\/    /\___    / _/   ___/
%%%%%%/____/[SnS]|__/%%\_____/%%%%%

          C H A T  v1.81b

<Mtp> Chat v1.82f
<Mtp> Login: 
<Mtp> Password: 
<Mtp> Last login: 02/22/07 23:22:20 from localhost
<Mtp> Welcome, toto.
Je vois le genre
<Mtp> Your message(s) :
 1 Sun Nov 13 2005 23:38:59 toto : test test
 2 Sun Nov 13 2005 23:39:00 toto : test test
 3 Sun Nov 13 2005 23:39:00 toto : test test
 4 Sun Nov 13 2005 23:39:02 toto : test test
 5 Sun Nov 13 2005 23:39:02 toto : test test
 6 Sun Nov 13 2005 23:39:03 toto : test test
<Mtp> You have 6 messages
<Mtp> Hall topic : Welcome to <Mtp> Chat !
<Mtp> Your client is now "CeB Alpha 20061014"
 Login    Group   Channel   Idle  On For C              From host
-------- -------- -------- ------ ------ - ------------------------------------
Garou    HeadArch Hall         0s     0s C localhost                           
toto     Guest    Hall         0s     0s C localhost                           
<Mtp> There are currently 2 users
<Mtp> Help for "serverlist" :

<Mtp> No help available for "serverlist"
<Mtp> Garou leaves !
<Mtp> You leave <Mtp> Chat !
************************************ Disconnected [jeu. févr. 22 23:23:26 2007]
*************************************** Connected [jeu. févr. 22 23:23:47 2007]

Welcome to 

  ____ |\________|\_________|\____
  \   `|   /\__     __/\_____    /
 _/  \  /  \__/     \_ /_   /   /
 \____\/    /\___    / _/   ___/
%%%%%%/____/[SnS]|__/%%\_____/%%%%%

          C H A T  v1.81b

<Mtp> Chat v1.82f
<Mtp> Login: 
<Mtp> Password: 
<Mtp> Last login: 02/22/07 23:22:41 from localhost
<Mtp> Welcome, toto.
Je vois le genre
<Mtp> Your message(s) :
 1 Sun Nov 13 2005 23:38:59 toto : test test
 2 Sun Nov 13 2005 23:39:00 toto : test test
 3 Sun Nov 13 2005 23:39:00 toto : test test
 4 Sun Nov 13 2005 23:39:02 toto : test test
 5 Sun Nov 13 2005 23:39:02 toto : test test
 6 Sun Nov 13 2005 23:39:03 toto : test test
<Mtp> You have 6 messages
<Mtp> Hall topic : Welcome to <Mtp> Chat !
<Mtp> Your client is now "CeB Alpha 20061014"
 Login    Group   Channel   Idle  On For C              From host
-------- -------- -------- ------ ------ - ------------------------------------
Garou    HeadArch Hall         0s     0s C localhost                           
toto     Guest    Hall         0s     0s C localhost                           
<Mtp> There are currently 2 users
<Mtp> Help for "serverlist" :

<Mtp> No help available for "serverlist"
<Mtp> Garou leaves !
<Mtp> You leave <Mtp> Chat !
************************************ Disconnected [jeu. févr. 22 23:24:18 2007]
*************************************** Connected [jeu. févr. 22 23:24:41 2007]

Welcome to 

  ____ |\________|\_________|\____
  \   `|   /\__     __/\_____    /
 _/  \  /  \__/     \_ /_   /   /
 \____\/    /\___    / _/   ___/
%%%%%%/____/[SnS]|__/%%\_____/%%%%%

          C H A T  v1.81b

<Mtp> Chat v1.82f
<Mtp> Login: 
<Mtp> Password: 
<Mtp> Last login: 02/22/07 23:23:47 from localhost
<Mtp> Welcome, toto.
Je vois le genre
<Mtp> Your message(s) :
 1 Sun Nov 13 2005 23:38:59 toto : test test
 2 Sun Nov 13 2005 23:39:00 toto : test test
 3 Sun Nov 13 2005 23:39:00 toto : test test
 4 Sun Nov 13 2005 23:39:02 toto : test test
 5 Sun Nov 13 2005 23:39:02 toto : test test
 6 Sun Nov 13 2005 23:39:03 toto : test test
<Mtp> You have 6 messages
<Mtp> Hall topic : Welcome to <Mtp> Chat !
<Mtp> Your client is now "CeB Alpha 20061014"
 Login    Group   Channel   Idle  On For C              From host
-------- -------- -------- ------ ------ - ------------------------------------
Garou    HeadArch Hall         0s     0s T localhost                           
toto     Guest    Hall         0s     0s C localhost                           
<Mtp> There are currently 2 users
<Mtp> Help for "serverlist" :

<Mtp> No help available for "serverlist"
<Mtp> Garou leaves !
<Mtp> You leave <Mtp> Chat !
************************************ Disconnected [jeu. févr. 22 23:25:06 2007]
*************************************** Connected [jeu. févr. 22 23:25:36 2007]

Welcome to 

  ____ |\________|\_________|\____
  \   `|   /\__     __/\_____    /
 _/  \  /  \__/     \_ /_   /   /
 \____\/    /\___    / _/   ___/
%%%%%%/____/[SnS]|__/%%\_____/%%%%%

          C H A T  v1.81b

<Mtp> Chat v1.82f
<Mtp> Login: 
<Mtp> Password: 
<Mtp> Last login: 02/22/07 23:24:41 from localhost
<Mtp> Welcome, toto.
Je vois le genre
<Mtp> Your message(s) :
 1 Sun Nov 13 2005 23:38:59 toto : test test
 2 Sun Nov 13 2005 23:39:00 toto : test test
 3 Sun Nov 13 2005 23:39:00 toto : test test
 4 Sun Nov 13 2005 23:39:02 toto : test test
 5 Sun Nov 13 2005 23:39:02 toto : test test
 6 Sun Nov 13 2005 23:39:03 toto : test test
<Mtp> You have 6 messages
<Mtp> Hall topic : Welcome to <Mtp> Chat !
<Mtp> Your client is now "CeB Alpha 20061014"
 Login    Group   Channel   Idle  On For C              From host
-------- -------- -------- ------ ------ - ------------------------------------
Garou    HeadArch Hall         0s     0s C localhost                           
toto     Guest    Hall         0s     0s C localhost                           
<Mtp> There are currently 2 users
<Mtp> Help for "serverlist" :

<Mtp> No help available for "serverlist"
<Mtp> Garou leaves !
<Mtp> You leave <Mtp> Chat !
************************************ Disconnected [jeu. févr. 22 23:26:33 2007]
*************************************** Connected [jeu. févr. 22 23:27:34 2007]

Welcome to 

  ____ |\________|\_________|\____
  \   `|   /\__     __/\_____    /
 _/  \  /  \__/     \_ /_   /   /
 \____\/    /\___    / _/   ___/
%%%%%%/____/[SnS]|__/%%\_____/%%%%%

          C H A T  v1.81b

<Mtp> Chat v1.82f
<Mtp> Login: 
<Mtp> Password: 
<Mtp> Last login: 02/22/07 23:25:36 from localhost
<Mtp> Welcome, toto.
Je vois le genre
<Mtp> Your message(s) :
 1 Sun Nov 13 2005 23:38:59 toto : test test
 2 Sun Nov 13 2005 23:39:00 toto : test test
 3 Sun Nov 13 2005 23:39:00 toto : test test
 4 Sun Nov 13 2005 23:39:02 toto : test test
 5 Sun Nov 13 2005 23:39:02 toto : test test
 6 Sun Nov 13 2005 23:39:03 toto : test test
<Mtp> You have 6 messages
<Mtp> Hall topic : Welcome to <Mtp> Chat !
<Mtp> Your client is now "CeB Alpha 20061014"
 Login    Group   Channel   Idle  On For C              From host
-------- -------- -------- ------ ------ - ------------------------------------
Garou    HeadArch Hall         1s     1s C localhost                           
toto     Guest    Hall         0s     1s C localhost                           
<Mtp> There are currently 2 users
<Mtp> Help for "serverlist" :

<Mtp> No help available for "serverlist"
<Mtp> Garou leaves !
<Mtp> You leave <Mtp> Chat !
************************************ Disconnected [jeu. févr. 22 23:28:07 2007]
*************************************** Connected [jeu. févr. 22 23:29:55 2007]

Welcome to 

  ____ |\________|\_________|\____
  \   `|   /\__     __/\_____    /
 _/  \  /  \__/     \_ /_   /   /
 \____\/    /\___    / _/   ___/
%%%%%%/____/[SnS]|__/%%\_____/%%%%%

          C H A T  v1.81b

<Mtp> Chat v1.82f
<Mtp> Login: 
<Mtp> Password: 
<Mtp> Last login: 02/22/07 23:27:34 from localhost
<Mtp> Welcome, toto.
Je vois le genre
<Mtp> Your message(s) :
 1 Sun Nov 13 2005 23:38:59 toto : test test
 2 Sun Nov 13 2005 23:39:00 toto : test test
 3 Sun Nov 13 2005 23:39:00 toto : test test
 4 Sun Nov 13 2005 23:39:02 toto : test test
 5 Sun Nov 13 2005 23:39:02 toto : test test
 6 Sun Nov 13 2005 23:39:03 toto : test test
<Mtp> You have 6 messages
<Mtp> Hall topic : Welcome to <Mtp> Chat !
<Mtp> Your client is now "CeB Alpha 20061014"
 Login    Group   Channel   Idle  On For C              From host
-------- -------- -------- ------ ------ - ------------------------------------
Garou    HeadArch Hall         0s     1s C localhost                           
toto     Guest    Hall         0s     0s C localhost                           
<Mtp> There are currently 2 users
<Mtp> Help for "serverlist" :

<Mtp> No help available for "serverlist"
<Mtp> Garou leaves !
<Mtp> You leave <Mtp> Chat !
************************************ Disconnected [jeu. févr. 22 23:30:32 2007]
*************************************** Connected [jeu. févr. 22 23:31:06 2007]

Welcome to 

  ____ |\________|\_________|\____
  \   `|   /\__     __/\_____    /
 _/  \  /  \__/     \_ /_   /   /
 \____\/    /\___    / _/   ___/
%%%%%%/____/[SnS]|__/%%\_____/%%%%%

          C H A T  v1.81b

<Mtp> Chat v1.82f
<Mtp> Login: 
<Mtp> Password: 
<Mtp> Last login: 02/22/07 23:29:56 from localhost
<Mtp> Welcome, toto.
Je vois le genre
<Mtp> Your message(s) :
 1 Sun Nov 13 2005 23:38:59 toto : test test
 2 Sun Nov 13 2005 23:39:00 toto : test test
 3 Sun Nov 13 2005 23:39:00 toto : test test
 4 Sun Nov 13 2005 23:39:02 toto : test test
 5 Sun Nov 13 2005 23:39:02 toto : test test
 6 Sun Nov 13 2005 23:39:03 toto : test test
<Mtp> You have 6 messages
<Mtp> Hall topic : Welcome to <Mtp> Chat !
<Mtp> Your client is now "CeB Alpha 20061014"
 Login    Group   Channel   Idle  On For C              From host
-------- -------- -------- ------ ------ - ------------------------------------
Garou    HeadArch Hall         0s     0s C localhost                           
toto     Guest    Hall         0s     0s C localhost                           
<Mtp> There are currently 2 users
<Mtp> Help for "serverlist" :

<Mtp> No help available for "serverlist"
<Mtp> Garou leaves !
<Mtp> You leave <Mtp> Chat !
************************************ Disconnected [jeu. févr. 22 23:31:49 2007]
*************************************** Connected [jeu. févr. 22 23:33:40 2007]

Welcome to 

  ____ |\________|\_________|\____
  \   `|   /\__     __/\_____    /
 _/  \  /  \__/     \_ /_   /   /
 \____\/    /\___    / _/   ___/
%%%%%%/____/[SnS]|__/%%\_____/%%%%%

          C H A T  v1.81b

<Mtp> Chat v1.82f
<Mtp> Login: 
<Mtp> Password: 
<Mtp> Last login: 02/22/07 23:31:06 from localhost
<Mtp> Welcome, toto.
Je vois le genre
<Mtp> Your message(s) :
 1 Sun Nov 13 2005 23:38:59 toto : test test
 2 Sun Nov 13 2005 23:39:00 toto : test test
 3 Sun Nov 13 2005 23:39:00 toto : test test
 4 Sun Nov 13 2005 23:39:02 toto : test test
 5 Sun Nov 13 2005 23:39:02 toto : test test
 6 Sun Nov 13 2005 23:39:03 toto : test test
<Mtp> You have 6 messages
<Mtp> Hall topic : Welcome to <Mtp> Chat !
<Mtp> Your client is now "CeB Alpha 20061014"
 Login    Group   Channel   Idle  On For C              From host
-------- -------- -------- ------ ------ - ------------------------------------
Garou    HeadArch Hall         0s     0s T localhost                           
toto     Guest    Hall         0s     0s C localhost                           
<Mtp> There are currently 2 users
<Mtp> Help for "serverlist" :

<Mtp> No help available for "serverlist"
<Mtp> Garou leaves !
<Mtp> You leave <Mtp> Chat !
************************************ Disconnected [jeu. févr. 22 23:33:46 2007]
*************************************** Connected [jeu. févr. 22 23:34:30 2007]

Welcome to 

  ____ |\________|\_________|\____
  \   `|   /\__     __/\_____    /
 _/  \  /  \__/     \_ /_   /   /
 \____\/    /\___    / _/   ___/
%%%%%%/____/[SnS]|__/%%\_____/%%%%%

          C H A T  v1.81b

<Mtp> Chat v1.82f
<Mtp> Login: 
<Mtp> Password: 
<Mtp> Last login: 02/22/07 23:33:41 from localhost
<Mtp> Welcome, toto.
Je vois le genre
<Mtp> Your message(s) :
 1 Sun Nov 13 2005 23:38:59 toto : test test
 2 Sun Nov 13 2005 23:39:00 toto : test test
 3 Sun Nov 13 2005 23:39:00 toto : test test
 4 Sun Nov 13 2005 23:39:02 toto : test test
 5 Sun Nov 13 2005 23:39:02 toto : test test
 6 Sun Nov 13 2005 23:39:03 toto : test test
<Mtp> You have 6 messages
<Mtp> Hall topic : Welcome to <Mtp> Chat !
<Mtp> Your client is now "CeB Alpha 20061014"
 Login    Group   Channel   Idle  On For C              From host
-------- -------- -------- ------ ------ - ------------------------------------
Garou    HeadArch Hall         0s     0s C localhost                           
toto     Guest    Hall         0s     0s C localhost                           
<Mtp> There are currently 2 users
<Mtp> Help for "serverlist" :

<Mtp> No help available for "serverlist"
<Mtp> Garou leaves !
<Mtp> You leave <Mtp> Chat !
************************************ Disconnected [jeu. févr. 22 23:35:17 2007]
*************************************** Connected [jeu. févr. 22 23:39:16 2007]

Welcome to 

  ____ |\________|\_________|\____
  \   `|   /\__     __/\_____    /
 _/  \  /  \__/     \_ /_   /   /
 \____\/    /\___    / _/   ___/
%%%%%%/____/[SnS]|__/%%\_____/%%%%%

          C H A T  v1.81b

<Mtp> Chat v1.82f
<Mtp> Login: 
<Mtp> Password: 
<Mtp> Last login: 02/22/07 23:34:31 from localhost
<Mtp> Welcome, toto.
Je vois le genre
<Mtp> Your message(s) :
 1 Sun Nov 13 2005 23:38:59 toto : test test
 2 Sun Nov 13 2005 23:39:00 toto : test test
 3 Sun Nov 13 2005 23:39:00 toto : test test
 4 Sun Nov 13 2005 23:39:02 toto : test test
 5 Sun Nov 13 2005 23:39:02 toto : test test
 6 Sun Nov 13 2005 23:39:03 toto : test test
<Mtp> You have 6 messages
<Mtp> Hall topic : Welcome to <Mtp> Chat !
<Mtp> Your client is now "CeB Alpha 20061014"
 Login    Group   Channel   Idle  On For C              From host
-------- -------- -------- ------ ------ - ------------------------------------
Garou    HeadArch Hall         0s     0s C localhost                           
toto     Guest    Hall         0s     0s C localhost                           
<Mtp> There are currently 2 users
<Mtp> Help for "serverlist" :

<Mtp> No help available for "serverlist"
<Mtp> Garou leaves !
<Mtp> You leave <Mtp> Chat !
************************************ Disconnected [jeu. févr. 22 23:39:23 2007]
*************************************** Connected [jeu. févr. 22 23:39:42 2007]

Welcome to 

  ____ |\________|\_________|\____
  \   `|   /\__     __/\_____    /
 _/  \  /  \__/     \_ /_   /   /
 \____\/    /\___    / _/   ___/
%%%%%%/____/[SnS]|__/%%\_____/%%%%%

          C H A T  v1.81b

<Mtp> Chat v1.82f
<Mtp> Login: 
<Mtp> Password: 
<Mtp> Last login: 02/22/07 23:39:17 from localhost
<Mtp> Welcome, toto.
Je vois le genre
<Mtp> Your message(s) :
 1 Sun Nov 13 2005 23:38:59 toto : test test
 2 Sun Nov 13 2005 23:39:00 toto : test test
 3 Sun Nov 13 2005 23:39:00 toto : test test
 4 Sun Nov 13 2005 23:39:02 toto : test test
 5 Sun Nov 13 2005 23:39:02 toto : test test
 6 Sun Nov 13 2005 23:39:03 toto : test test
<Mtp> You have 6 messages
<Mtp> Hall topic : Welcome to <Mtp> Chat !
<Mtp> Garou comes in !
<Mtp> Your client is now "CeB Alpha 20061014"
 Login    Group   Channel   Idle  On For C              From host
-------- -------- -------- ------ ------ - ------------------------------------
Garou    HeadArch Hall         0s     0s T localhost                           
toto     Guest    Hall         0s     0s C localhost                           
<Mtp> There are currently 2 users
<Mtp> Help for "serverlist" :

<Mtp> No help available for "serverlist"
<Garou> <Mtp> Password: 
<Garou> <Mtp> Last login: 02/22/07 23:39:17 from localhost
<Garou> <Mtp> Welcome, Garou.
<Garou> Je vois le genre
<Garou> <Mtp> Your message(s) :
<Garou> okok
<Garou> ok
<Garou> ok
<Garou> ok
<Garou> ok
<Garou> ok
<Garou> okokok
<Garou> ok
<Mtp> Garou leaves !
<Mtp> You leave <Mtp> Chat !
************************************ Disconnected [jeu. févr. 22 23:39:55 2007]
*************************************** Connected [jeu. févr. 22 23:45:02 2007]

Welcome to 

  ____ |\________|\_________|\____
  \   `|   /\__     __/\_____    /
 _/  \  /  \__/     \_ /_   /   /
 \____\/    /\___    / _/   ___/
%%%%%%/____/[SnS]|__/%%\_____/%%%%%

          C H A T  v1.81b

<Mtp> Chat v1.82f
<Mtp> Login: 
<Mtp> Password: 
<Mtp> Last login: 02/22/07 23:39:42 from localhost
<Mtp> Welcome, toto.
Je vois le genre
<Mtp> Your message(s) :
 1 Sun Nov 13 2005 23:38:59 toto : test test
 2 Sun Nov 13 2005 23:39:00 toto : test test
 3 Sun Nov 13 2005 23:39:00 toto : test test
 4 Sun Nov 13 2005 23:39:02 toto : test test
 5 Sun Nov 13 2005 23:39:02 toto : test test
 6 Sun Nov 13 2005 23:39:03 toto : test test
<Mtp> You have 6 messages
<Mtp> Hall topic : Welcome to <Mtp> Chat !
<Mtp> Garou comes in !
<Mtp> Your client is now "CeB Alpha 20061014"
 Login    Group   Channel   Idle  On For C              From host
-------- -------- -------- ------ ------ - ------------------------------------
Garou    HeadArch Hall         0s     0s T localhost                           
toto     Guest    Hall         0s     0s C localhost                           
<Mtp> There are currently 2 users
<Mtp> Help for "serverlist" :

<Mtp> No help available for "serverlist"
<Mtp> Garou leaves !
<Mtp> You leave <Mtp> Chat !
************************************ Disconnected [jeu. févr. 22 23:45:09 2007]
